kotlin version: 2.2.21
error message: java.lang.OutOfMemoryError: GC overhead limit exceeded
	at org.jetbrains.kotlin.ir.overrides.FakeOverrideCopier.copyValueParameter(FakeOverrideCopier.kt:85)
	at org.jetbrains.kotlin.ir.overrides.FakeOverrideCopier.copySimpleFunction(FakeOverrideCopier.kt:47)
	at org.jetbrains.kotlin.ir.overrides.FakeOverrideCopier.copyProperty(FakeOverrideCopier.kt:69)
	at org.jetbrains.kotlin.ir.overrides.CopyIrTreeWithSymbolsForFakeOverrides.copy(CopyIrTreeWithSymbolsForFakeOverrides.kt:42)
	at org.jetbrains.kotlin.ir.overrides.FakeOverrideBuilderStrategyKt.buildFakeOverrideMember(FakeOverrideBuilderStrategy.kt:209)
	at org.jetbrains.kotlin.ir.overrides.FakeOverrideBuilderStrategy.fakeOverrideMember(FakeOverrideBuilderStrategy.kt:69)
	at org.jetbrains.kotlin.ir.overrides.IrFakeOverrideBuilder.buildFakeOverridesForClassImpl(IrFakeOverrideBuilder.kt:97)
	at org.jetbrains.kotlin.ir.overrides.IrFakeOverrideBuilder.buildFakeOverridesForClass$lambda$0(IrFakeOverrideBuilder.kt:69)
	at org.jetbrains.kotlin.ir.overrides.IrFakeOverrideBuilder$$Lambda$1116/0x000001b095782308.invoke(Unknown Source)
	at org.jetbrains.kotlin.backend.common.serialization.signature.PublicIdSignatureComputer.inFile(IdSignatureComputers.kt:43)
	at org.jetbrains.kotlin.backend.common.serialization.DeclarationTable.inFile(DeclarationTable.kt:65)
	at org.jetbrains.kotlin.backend.common.overrides.IrLinkerFakeOverrideBuilderStrategy.inFile(FakeOverrides.kt:88)
	at org.jetbrains.kotlin.ir.overrides.IrFakeOverrideBuilder.buildFakeOverridesForClass(IrFakeOverrideBuilder.kt:64)
	at org.jetbrains.kotlin.backend.common.overrides.IrLinkerFakeOverrideProvider.buildFakeOverrideChainsForClass(FakeOverrides.kt:335)
	at org.jetbrains.kotlin.backend.common.overrides.IrLinkerFakeOverrideProvider.provideFakeOverrides(FakeOverrides.kt:341)
	at org.jetbrains.kotlin.backend.common.overrides.IrLinkerFakeOverrideProvider.provideFakeOverrides(FakeOverrides.kt:349)
	at org.jetbrains.kotlin.backend.common.serialization.KotlinIrLinker.postProcess(KotlinIrLinker.kt:286)
	at org.jetbrains.kotlin.ir.backend.js.ic.LoadedJsIr.loadUnboundSymbols(JsIrLinkerLoader.kt:104)
	at org.jetbrains.kotlin.ir.backend.js.ic.JsIrLinkerLoader.loadIr(JsIrLinkerLoader.kt:270)
	at org.jetbrains.kotlin.ir.backend.js.ic.JsIrLinkerLoader.loadIr$default(JsIrLinkerLoader.kt:211)
	at org.jetbrains.kotlin.ir.backend.js.ic.CacheUpdater.loadIrForDirtyFilesAndInitCompiler(CacheUpdater.kt:748)
	at org.jetbrains.kotlin.ir.backend.js.ic.CacheUpdater.loadIrAndMakeIrFragmentGenerators(CacheUpdater.kt:785)
	at org.jetbrains.kotlin.ir.backend.js.ic.CacheUpdater.actualizeCaches(CacheUpdater.kt:821)
	at org.jetbrains.kotlin.cli.js.IcCachesKt.prepareIcCaches(IcCaches.kt:104)
	at org.jetbrains.kotlin.cli.pipeline.web.WebBackendPipelinePhase.executePhase(WebBackendPipelinePhase.kt:70)
	at org.jetbrains.kotlin.cli.pipeline.web.WebBackendPipelinePhase.executePhase(WebBackendPipelinePhase.kt:31)
	at org.jetbrains.kotlin.cli.pipeline.PipelinePhase.phaseBody(PipelinePhase.kt:68)
	at org.jetbrains.kotlin.cli.pipeline.PipelinePhase.phaseBody(PipelinePhase.kt:58)
	at org.jetbrains.kotlin.config.phaser.NamedCompilerPhase.invoke(CompilerPhase.kt:102)
	at org.jetbrains.kotlin.backend.common.phaser.CompositePhase.invoke(PhaseBuilders.kt:22)
	at org.jetbrains.kotlin.config.phaser.CompilerPhaseKt.invokeToplevel(CompilerPhase.kt:53)
	at org.jetbrains.kotlin.cli.pipeline.AbstractCliPipeline.runPhasedPipeline(AbstractCliPipeline.kt:109)


